{
  "stats": {
    "suites": 1,
    "tests": 9,
    "passes": 9,
    "pending": 0,
    "failures": 0,
    "start": "2017-08-10T12:31:29.629Z",
    "end": "2017-08-10T12:31:29.663Z",
    "duration": 34,
    "testsRegistered": 9,
    "passPercent": 100,
    "pendingPercent": 0,
    "other": 0,
    "hasOther": false,
    "skipped": 0,
    "hasSkipped": false,
    "passPercentClass": "success",
    "pendingPercentClass": "danger"
  },
  "suites": {
    "title": "",
    "suites": [
      {
        "title": "Stack",
        "suites": [],
        "tests": [
          {
            "title": "should be able to create a stack object.",
            "fullTitle": "Stack should be able to create a stack object.",
            "timedOut": false,
            "duration": 2,
            "state": "passed",
            "speed": "fast",
            "pass": true,
            "fail": false,
            "pending": false,
            "code": "assert.instanceOf(stack, _index2.default, \"stack has been instantiated.\");",
            "err": {},
            "isRoot": false,
            "uuid": "e8912a07-d441-431c-8136-856f49a755a5",
            "parentUUID": "084c049f-9de3-4921-9446-52707418b02b",
            "isHook": false,
            "skipped": false
          },
          {
            "title": "should have 2 properties. top and length",
            "fullTitle": "Stack should have 2 properties. top and length",
            "timedOut": false,
            "duration": 2,
            "state": "passed",
            "speed": "fast",
            "pass": true,
            "fail": false,
            "pending": false,
            "code": "assert.property(stack, 'top');\nassert.property(stack, 'length');",
            "err": {},
            "isRoot": false,
            "uuid": "3de21bf0-6698-47ae-94d7-6ebfae7952ca",
            "parentUUID": "084c049f-9de3-4921-9446-52707418b02b",
            "isHook": false,
            "skipped": false
          },
          {
            "title": "should say if stack is empty",
            "fullTitle": "Stack should say if stack is empty",
            "timedOut": false,
            "duration": 0,
            "state": "passed",
            "speed": "fast",
            "pass": true,
            "fail": false,
            "pending": false,
            "code": "assert.isTrue(stack.isEmpty(), \"stack has no data\");",
            "err": {},
            "isRoot": false,
            "uuid": "8e135649-ae8e-486d-a4ee-5fdbee52addb",
            "parentUUID": "084c049f-9de3-4921-9446-52707418b02b",
            "isHook": false,
            "skipped": false
          },
          {
            "title": "should be able to push",
            "fullTitle": "Stack should be able to push",
            "timedOut": false,
            "duration": 1,
            "state": "passed",
            "speed": "fast",
            "pass": true,
            "fail": false,
            "pending": false,
            "code": "stack.push(1);\nassert.equal(stack.top.data, 1, \"1 should be at top\");\nassert.equal(stack.top.next, null, \"1 should be at top\");\nassert.equal(stack.length, 1, \"length should be 1\");\nstack.push(2);\nassert.equal(stack.top.data, 2, \"2 should be at top\");\nassert.equal(stack.top.next.data, 1, \"2 should be at top\");\nassert.equal(stack.length, 2, \"length should be 2\");",
            "err": {},
            "isRoot": false,
            "uuid": "4fb31480-a18f-410c-8c06-5049411b0331",
            "parentUUID": "084c049f-9de3-4921-9446-52707418b02b",
            "isHook": false,
            "skipped": false
          },
          {
            "title": "should be able to peek",
            "fullTitle": "Stack should be able to peek",
            "timedOut": false,
            "duration": 0,
            "state": "passed",
            "speed": "fast",
            "pass": true,
            "fail": false,
            "pending": false,
            "code": "assert.equal(stack.peek(), 2, \"2 should be at top.\");",
            "err": {},
            "isRoot": false,
            "uuid": "c4d22e33-366d-4cb7-9e98-6aef1bed7451",
            "parentUUID": "084c049f-9de3-4921-9446-52707418b02b",
            "isHook": false,
            "skipped": false
          },
          {
            "title": "should say determine if it is empty",
            "fullTitle": "Stack should say determine if it is empty",
            "timedOut": false,
            "duration": 1,
            "state": "passed",
            "speed": "fast",
            "pass": true,
            "fail": false,
            "pending": false,
            "code": "assert.isFalse(stack.isEmpty(), \"stack has some data\");",
            "err": {},
            "isRoot": false,
            "uuid": "6ea980aa-0359-4c8d-846c-a5f372cae23a",
            "parentUUID": "084c049f-9de3-4921-9446-52707418b02b",
            "isHook": false,
            "skipped": false
          },
          {
            "title": "should be able to pop",
            "fullTitle": "Stack should be able to pop",
            "timedOut": false,
            "duration": 0,
            "state": "passed",
            "speed": "fast",
            "pass": true,
            "fail": false,
            "pending": false,
            "code": "var popped = stack.pop();\nassert.equal(popped.data, 2, \"the top most element has not been removed\");\nassert.equal(stack.size, 1, \"length of stack has not reduced\");\nassert.isFalse(stack.isEmpty(), \"stack has some data\");",
            "err": {},
            "isRoot": false,
            "uuid": "d4354a08-085c-44ad-9258-e0d99c9aa4b0",
            "parentUUID": "084c049f-9de3-4921-9446-52707418b02b",
            "isHook": false,
            "skipped": false
          },
          {
            "title": "should be able to clear all elements",
            "fullTitle": "Stack should be able to clear all elements",
            "timedOut": false,
            "duration": 0,
            "state": "passed",
            "speed": "fast",
            "pass": true,
            "fail": false,
            "pending": false,
            "code": "stack.clear();\nassert.isTrue(stack.isEmpty(), \"stack should have no elements\");",
            "err": {},
            "isRoot": false,
            "uuid": "767de344-0f2d-4558-9604-690f77673145",
            "parentUUID": "084c049f-9de3-4921-9446-52707418b02b",
            "isHook": false,
            "skipped": false
          },
          {
            "title": "should be able to convert the instance as an array",
            "fullTitle": "Stack should be able to convert the instance as an array",
            "timedOut": false,
            "duration": 2,
            "state": "passed",
            "speed": "fast",
            "pass": true,
            "fail": false,
            "pending": false,
            "code": "for (var index = 0; index < 5; index++) {\n    stack.push(index);\n};\nvar stringified = stack.toString();\nassert.equal(stack.length, 5, \"5 elements should be available\");\nassert.equal(stack.peek(), 4, \"top most elements must be last element added\");\nassert.isArray(stringified, \"stack should be available as a array\");\nassert.deepEqual(stringified, [4, 3, 2, 1, 0], \"stack should be displayed as array.\");",
            "err": {},
            "isRoot": false,
            "uuid": "cb2488f7-b1a9-4280-b9b8-8ac7bb08389d",
            "parentUUID": "084c049f-9de3-4921-9446-52707418b02b",
            "isHook": false,
            "skipped": false
          }
        ],
        "pending": [],
        "root": false,
        "_timeout": 2000,
        "file": "\\test\\index.test.js",
        "uuid": "084c049f-9de3-4921-9446-52707418b02b",
        "beforeHooks": [
          {
            "title": "\"before all\" hook",
            "fullTitle": "Stack \"before all\" hook",
            "timedOut": false,
            "duration": 0,
            "pass": false,
            "fail": false,
            "pending": false,
            "code": "stack = new _index2.default();",
            "err": {},
            "isRoot": false,
            "uuid": "fb283ae0-9d0d-4a17-8705-785cd6d65266",
            "parentUUID": "084c049f-9de3-4921-9446-52707418b02b",
            "isHook": true,
            "skipped": false
          }
        ],
        "afterHooks": [],
        "fullFile": "C:\\Users\\s.panigrahi\\Documents\\Projects\\DataStructureUsingJS\\test\\index.test.js",
        "passes": [
          {
            "title": "should be able to create a stack object.",
            "fullTitle": "Stack should be able to create a stack object.",
            "timedOut": false,
            "duration": 2,
            "state": "passed",
            "speed": "fast",
            "pass": true,
            "fail": false,
            "pending": false,
            "code": "assert.instanceOf(stack, _index2.default, \"stack has been instantiated.\");",
            "err": {},
            "isRoot": false,
            "uuid": "e8912a07-d441-431c-8136-856f49a755a5",
            "parentUUID": "084c049f-9de3-4921-9446-52707418b02b",
            "isHook": false,
            "skipped": false
          },
          {
            "title": "should have 2 properties. top and length",
            "fullTitle": "Stack should have 2 properties. top and length",
            "timedOut": false,
            "duration": 2,
            "state": "passed",
            "speed": "fast",
            "pass": true,
            "fail": false,
            "pending": false,
            "code": "assert.property(stack, 'top');\nassert.property(stack, 'length');",
            "err": {},
            "isRoot": false,
            "uuid": "3de21bf0-6698-47ae-94d7-6ebfae7952ca",
            "parentUUID": "084c049f-9de3-4921-9446-52707418b02b",
            "isHook": false,
            "skipped": false
          },
          {
            "title": "should say if stack is empty",
            "fullTitle": "Stack should say if stack is empty",
            "timedOut": false,
            "duration": 0,
            "state": "passed",
            "speed": "fast",
            "pass": true,
            "fail": false,
            "pending": false,
            "code": "assert.isTrue(stack.isEmpty(), \"stack has no data\");",
            "err": {},
            "isRoot": false,
            "uuid": "8e135649-ae8e-486d-a4ee-5fdbee52addb",
            "parentUUID": "084c049f-9de3-4921-9446-52707418b02b",
            "isHook": false,
            "skipped": false
          },
          {
            "title": "should be able to push",
            "fullTitle": "Stack should be able to push",
            "timedOut": false,
            "duration": 1,
            "state": "passed",
            "speed": "fast",
            "pass": true,
            "fail": false,
            "pending": false,
            "code": "stack.push(1);\nassert.equal(stack.top.data, 1, \"1 should be at top\");\nassert.equal(stack.top.next, null, \"1 should be at top\");\nassert.equal(stack.length, 1, \"length should be 1\");\nstack.push(2);\nassert.equal(stack.top.data, 2, \"2 should be at top\");\nassert.equal(stack.top.next.data, 1, \"2 should be at top\");\nassert.equal(stack.length, 2, \"length should be 2\");",
            "err": {},
            "isRoot": false,
            "uuid": "4fb31480-a18f-410c-8c06-5049411b0331",
            "parentUUID": "084c049f-9de3-4921-9446-52707418b02b",
            "isHook": false,
            "skipped": false
          },
          {
            "title": "should be able to peek",
            "fullTitle": "Stack should be able to peek",
            "timedOut": false,
            "duration": 0,
            "state": "passed",
            "speed": "fast",
            "pass": true,
            "fail": false,
            "pending": false,
            "code": "assert.equal(stack.peek(), 2, \"2 should be at top.\");",
            "err": {},
            "isRoot": false,
            "uuid": "c4d22e33-366d-4cb7-9e98-6aef1bed7451",
            "parentUUID": "084c049f-9de3-4921-9446-52707418b02b",
            "isHook": false,
            "skipped": false
          },
          {
            "title": "should say determine if it is empty",
            "fullTitle": "Stack should say determine if it is empty",
            "timedOut": false,
            "duration": 1,
            "state": "passed",
            "speed": "fast",
            "pass": true,
            "fail": false,
            "pending": false,
            "code": "assert.isFalse(stack.isEmpty(), \"stack has some data\");",
            "err": {},
            "isRoot": false,
            "uuid": "6ea980aa-0359-4c8d-846c-a5f372cae23a",
            "parentUUID": "084c049f-9de3-4921-9446-52707418b02b",
            "isHook": false,
            "skipped": false
          },
          {
            "title": "should be able to pop",
            "fullTitle": "Stack should be able to pop",
            "timedOut": false,
            "duration": 0,
            "state": "passed",
            "speed": "fast",
            "pass": true,
            "fail": false,
            "pending": false,
            "code": "var popped = stack.pop();\nassert.equal(popped.data, 2, \"the top most element has not been removed\");\nassert.equal(stack.size, 1, \"length of stack has not reduced\");\nassert.isFalse(stack.isEmpty(), \"stack has some data\");",
            "err": {},
            "isRoot": false,
            "uuid": "d4354a08-085c-44ad-9258-e0d99c9aa4b0",
            "parentUUID": "084c049f-9de3-4921-9446-52707418b02b",
            "isHook": false,
            "skipped": false
          },
          {
            "title": "should be able to clear all elements",
            "fullTitle": "Stack should be able to clear all elements",
            "timedOut": false,
            "duration": 0,
            "state": "passed",
            "speed": "fast",
            "pass": true,
            "fail": false,
            "pending": false,
            "code": "stack.clear();\nassert.isTrue(stack.isEmpty(), \"stack should have no elements\");",
            "err": {},
            "isRoot": false,
            "uuid": "767de344-0f2d-4558-9604-690f77673145",
            "parentUUID": "084c049f-9de3-4921-9446-52707418b02b",
            "isHook": false,
            "skipped": false
          },
          {
            "title": "should be able to convert the instance as an array",
            "fullTitle": "Stack should be able to convert the instance as an array",
            "timedOut": false,
            "duration": 2,
            "state": "passed",
            "speed": "fast",
            "pass": true,
            "fail": false,
            "pending": false,
            "code": "for (var index = 0; index < 5; index++) {\n    stack.push(index);\n};\nvar stringified = stack.toString();\nassert.equal(stack.length, 5, \"5 elements should be available\");\nassert.equal(stack.peek(), 4, \"top most elements must be last element added\");\nassert.isArray(stringified, \"stack should be available as a array\");\nassert.deepEqual(stringified, [4, 3, 2, 1, 0], \"stack should be displayed as array.\");",
            "err": {},
            "isRoot": false,
            "uuid": "cb2488f7-b1a9-4280-b9b8-8ac7bb08389d",
            "parentUUID": "084c049f-9de3-4921-9446-52707418b02b",
            "isHook": false,
            "skipped": false
          }
        ],
        "failures": [],
        "skipped": [],
        "hasBeforeHooks": true,
        "hasAfterHooks": false,
        "hasTests": true,
        "hasSuites": false,
        "totalTests": 9,
        "totalPasses": 9,
        "totalFailures": 0,
        "totalPending": 0,
        "totalSkipped": 0,
        "hasPasses": true,
        "hasFailures": false,
        "hasPending": false,
        "hasSkipped": false,
        "duration": 8,
        "rootEmpty": false
      }
    ],
    "tests": [],
    "pending": [],
    "root": true,
    "_timeout": 2000,
    "uuid": "096f913d-72e6-4f13-9594-6fb42af0a286",
    "beforeHooks": [],
    "afterHooks": [],
    "fullFile": "",
    "file": "",
    "passes": [],
    "failures": [],
    "skipped": [],
    "hasBeforeHooks": false,
    "hasAfterHooks": false,
    "hasTests": false,
    "hasSuites": true,
    "totalTests": 0,
    "totalPasses": 0,
    "totalFailures": 0,
    "totalPending": 0,
    "totalSkipped": 0,
    "hasPasses": false,
    "hasFailures": false,
    "hasPending": false,
    "hasSkipped": false,
    "duration": 0,
    "rootEmpty": true
  },
  "allTests": [
    {
      "title": "should be able to create a stack object.",
      "fullTitle": "Stack should be able to create a stack object.",
      "timedOut": false,
      "duration": 2,
      "state": "passed",
      "speed": "fast",
      "pass": true,
      "fail": false,
      "pending": false,
      "code": "assert.instanceOf(stack, _index2.default, \"stack has been instantiated.\");",
      "err": {},
      "isRoot": false,
      "uuid": "e8912a07-d441-431c-8136-856f49a755a5",
      "parentUUID": "084c049f-9de3-4921-9446-52707418b02b",
      "isHook": false,
      "skipped": false
    },
    {
      "title": "should have 2 properties. top and length",
      "fullTitle": "Stack should have 2 properties. top and length",
      "timedOut": false,
      "duration": 2,
      "state": "passed",
      "speed": "fast",
      "pass": true,
      "fail": false,
      "pending": false,
      "code": "assert.property(stack, 'top');\nassert.property(stack, 'length');",
      "err": {},
      "isRoot": false,
      "uuid": "3de21bf0-6698-47ae-94d7-6ebfae7952ca",
      "parentUUID": "084c049f-9de3-4921-9446-52707418b02b",
      "isHook": false,
      "skipped": false
    },
    {
      "title": "should say if stack is empty",
      "fullTitle": "Stack should say if stack is empty",
      "timedOut": false,
      "duration": 0,
      "state": "passed",
      "speed": "fast",
      "pass": true,
      "fail": false,
      "pending": false,
      "code": "assert.isTrue(stack.isEmpty(), \"stack has no data\");",
      "err": {},
      "isRoot": false,
      "uuid": "8e135649-ae8e-486d-a4ee-5fdbee52addb",
      "parentUUID": "084c049f-9de3-4921-9446-52707418b02b",
      "isHook": false,
      "skipped": false
    },
    {
      "title": "should be able to push",
      "fullTitle": "Stack should be able to push",
      "timedOut": false,
      "duration": 1,
      "state": "passed",
      "speed": "fast",
      "pass": true,
      "fail": false,
      "pending": false,
      "code": "stack.push(1);\nassert.equal(stack.top.data, 1, \"1 should be at top\");\nassert.equal(stack.top.next, null, \"1 should be at top\");\nassert.equal(stack.length, 1, \"length should be 1\");\nstack.push(2);\nassert.equal(stack.top.data, 2, \"2 should be at top\");\nassert.equal(stack.top.next.data, 1, \"2 should be at top\");\nassert.equal(stack.length, 2, \"length should be 2\");",
      "err": {},
      "isRoot": false,
      "uuid": "4fb31480-a18f-410c-8c06-5049411b0331",
      "parentUUID": "084c049f-9de3-4921-9446-52707418b02b",
      "isHook": false,
      "skipped": false
    },
    {
      "title": "should be able to peek",
      "fullTitle": "Stack should be able to peek",
      "timedOut": false,
      "duration": 0,
      "state": "passed",
      "speed": "fast",
      "pass": true,
      "fail": false,
      "pending": false,
      "code": "assert.equal(stack.peek(), 2, \"2 should be at top.\");",
      "err": {},
      "isRoot": false,
      "uuid": "c4d22e33-366d-4cb7-9e98-6aef1bed7451",
      "parentUUID": "084c049f-9de3-4921-9446-52707418b02b",
      "isHook": false,
      "skipped": false
    },
    {
      "title": "should say determine if it is empty",
      "fullTitle": "Stack should say determine if it is empty",
      "timedOut": false,
      "duration": 1,
      "state": "passed",
      "speed": "fast",
      "pass": true,
      "fail": false,
      "pending": false,
      "code": "assert.isFalse(stack.isEmpty(), \"stack has some data\");",
      "err": {},
      "isRoot": false,
      "uuid": "6ea980aa-0359-4c8d-846c-a5f372cae23a",
      "parentUUID": "084c049f-9de3-4921-9446-52707418b02b",
      "isHook": false,
      "skipped": false
    },
    {
      "title": "should be able to pop",
      "fullTitle": "Stack should be able to pop",
      "timedOut": false,
      "duration": 0,
      "state": "passed",
      "speed": "fast",
      "pass": true,
      "fail": false,
      "pending": false,
      "code": "var popped = stack.pop();\nassert.equal(popped.data, 2, \"the top most element has not been removed\");\nassert.equal(stack.size, 1, \"length of stack has not reduced\");\nassert.isFalse(stack.isEmpty(), \"stack has some data\");",
      "err": {},
      "isRoot": false,
      "uuid": "d4354a08-085c-44ad-9258-e0d99c9aa4b0",
      "parentUUID": "084c049f-9de3-4921-9446-52707418b02b",
      "isHook": false,
      "skipped": false
    },
    {
      "title": "should be able to clear all elements",
      "fullTitle": "Stack should be able to clear all elements",
      "timedOut": false,
      "duration": 0,
      "state": "passed",
      "speed": "fast",
      "pass": true,
      "fail": false,
      "pending": false,
      "code": "stack.clear();\nassert.isTrue(stack.isEmpty(), \"stack should have no elements\");",
      "err": {},
      "isRoot": false,
      "uuid": "767de344-0f2d-4558-9604-690f77673145",
      "parentUUID": "084c049f-9de3-4921-9446-52707418b02b",
      "isHook": false,
      "skipped": false
    },
    {
      "title": "should be able to convert the instance as an array",
      "fullTitle": "Stack should be able to convert the instance as an array",
      "timedOut": false,
      "duration": 2,
      "state": "passed",
      "speed": "fast",
      "pass": true,
      "fail": false,
      "pending": false,
      "code": "for (var index = 0; index < 5; index++) {\n    stack.push(index);\n};\nvar stringified = stack.toString();\nassert.equal(stack.length, 5, \"5 elements should be available\");\nassert.equal(stack.peek(), 4, \"top most elements must be last element added\");\nassert.isArray(stringified, \"stack should be available as a array\");\nassert.deepEqual(stringified, [4, 3, 2, 1, 0], \"stack should be displayed as array.\");",
      "err": {},
      "isRoot": false,
      "uuid": "cb2488f7-b1a9-4280-b9b8-8ac7bb08389d",
      "parentUUID": "084c049f-9de3-4921-9446-52707418b02b",
      "isHook": false,
      "skipped": false
    }
  ],
  "allPending": [],
  "allPasses": [
    {
      "title": "should be able to create a stack object.",
      "fullTitle": "Stack should be able to create a stack object.",
      "timedOut": false,
      "duration": 2,
      "state": "passed",
      "speed": "fast",
      "pass": true,
      "fail": false,
      "pending": false,
      "code": "assert.instanceOf(stack, _index2.default, \"stack has been instantiated.\");",
      "err": {},
      "isRoot": false,
      "uuid": "e8912a07-d441-431c-8136-856f49a755a5",
      "parentUUID": "084c049f-9de3-4921-9446-52707418b02b",
      "isHook": false,
      "skipped": false
    },
    {
      "title": "should have 2 properties. top and length",
      "fullTitle": "Stack should have 2 properties. top and length",
      "timedOut": false,
      "duration": 2,
      "state": "passed",
      "speed": "fast",
      "pass": true,
      "fail": false,
      "pending": false,
      "code": "assert.property(stack, 'top');\nassert.property(stack, 'length');",
      "err": {},
      "isRoot": false,
      "uuid": "3de21bf0-6698-47ae-94d7-6ebfae7952ca",
      "parentUUID": "084c049f-9de3-4921-9446-52707418b02b",
      "isHook": false,
      "skipped": false
    },
    {
      "title": "should say if stack is empty",
      "fullTitle": "Stack should say if stack is empty",
      "timedOut": false,
      "duration": 0,
      "state": "passed",
      "speed": "fast",
      "pass": true,
      "fail": false,
      "pending": false,
      "code": "assert.isTrue(stack.isEmpty(), \"stack has no data\");",
      "err": {},
      "isRoot": false,
      "uuid": "8e135649-ae8e-486d-a4ee-5fdbee52addb",
      "parentUUID": "084c049f-9de3-4921-9446-52707418b02b",
      "isHook": false,
      "skipped": false
    },
    {
      "title": "should be able to push",
      "fullTitle": "Stack should be able to push",
      "timedOut": false,
      "duration": 1,
      "state": "passed",
      "speed": "fast",
      "pass": true,
      "fail": false,
      "pending": false,
      "code": "stack.push(1);\nassert.equal(stack.top.data, 1, \"1 should be at top\");\nassert.equal(stack.top.next, null, \"1 should be at top\");\nassert.equal(stack.length, 1, \"length should be 1\");\nstack.push(2);\nassert.equal(stack.top.data, 2, \"2 should be at top\");\nassert.equal(stack.top.next.data, 1, \"2 should be at top\");\nassert.equal(stack.length, 2, \"length should be 2\");",
      "err": {},
      "isRoot": false,
      "uuid": "4fb31480-a18f-410c-8c06-5049411b0331",
      "parentUUID": "084c049f-9de3-4921-9446-52707418b02b",
      "isHook": false,
      "skipped": false
    },
    {
      "title": "should be able to peek",
      "fullTitle": "Stack should be able to peek",
      "timedOut": false,
      "duration": 0,
      "state": "passed",
      "speed": "fast",
      "pass": true,
      "fail": false,
      "pending": false,
      "code": "assert.equal(stack.peek(), 2, \"2 should be at top.\");",
      "err": {},
      "isRoot": false,
      "uuid": "c4d22e33-366d-4cb7-9e98-6aef1bed7451",
      "parentUUID": "084c049f-9de3-4921-9446-52707418b02b",
      "isHook": false,
      "skipped": false
    },
    {
      "title": "should say determine if it is empty",
      "fullTitle": "Stack should say determine if it is empty",
      "timedOut": false,
      "duration": 1,
      "state": "passed",
      "speed": "fast",
      "pass": true,
      "fail": false,
      "pending": false,
      "code": "assert.isFalse(stack.isEmpty(), \"stack has some data\");",
      "err": {},
      "isRoot": false,
      "uuid": "6ea980aa-0359-4c8d-846c-a5f372cae23a",
      "parentUUID": "084c049f-9de3-4921-9446-52707418b02b",
      "isHook": false,
      "skipped": false
    },
    {
      "title": "should be able to pop",
      "fullTitle": "Stack should be able to pop",
      "timedOut": false,
      "duration": 0,
      "state": "passed",
      "speed": "fast",
      "pass": true,
      "fail": false,
      "pending": false,
      "code": "var popped = stack.pop();\nassert.equal(popped.data, 2, \"the top most element has not been removed\");\nassert.equal(stack.size, 1, \"length of stack has not reduced\");\nassert.isFalse(stack.isEmpty(), \"stack has some data\");",
      "err": {},
      "isRoot": false,
      "uuid": "d4354a08-085c-44ad-9258-e0d99c9aa4b0",
      "parentUUID": "084c049f-9de3-4921-9446-52707418b02b",
      "isHook": false,
      "skipped": false
    },
    {
      "title": "should be able to clear all elements",
      "fullTitle": "Stack should be able to clear all elements",
      "timedOut": false,
      "duration": 0,
      "state": "passed",
      "speed": "fast",
      "pass": true,
      "fail": false,
      "pending": false,
      "code": "stack.clear();\nassert.isTrue(stack.isEmpty(), \"stack should have no elements\");",
      "err": {},
      "isRoot": false,
      "uuid": "767de344-0f2d-4558-9604-690f77673145",
      "parentUUID": "084c049f-9de3-4921-9446-52707418b02b",
      "isHook": false,
      "skipped": false
    },
    {
      "title": "should be able to convert the instance as an array",
      "fullTitle": "Stack should be able to convert the instance as an array",
      "timedOut": false,
      "duration": 2,
      "state": "passed",
      "speed": "fast",
      "pass": true,
      "fail": false,
      "pending": false,
      "code": "for (var index = 0; index < 5; index++) {\n    stack.push(index);\n};\nvar stringified = stack.toString();\nassert.equal(stack.length, 5, \"5 elements should be available\");\nassert.equal(stack.peek(), 4, \"top most elements must be last element added\");\nassert.isArray(stringified, \"stack should be available as a array\");\nassert.deepEqual(stringified, [4, 3, 2, 1, 0], \"stack should be displayed as array.\");",
      "err": {},
      "isRoot": false,
      "uuid": "cb2488f7-b1a9-4280-b9b8-8ac7bb08389d",
      "parentUUID": "084c049f-9de3-4921-9446-52707418b02b",
      "isHook": false,
      "skipped": false
    }
  ],
  "allFailures": [],
  "copyrightYear": 2017
}